<?xml version="1.0" encoding="UTF-8"?>
<testng-results ignored="0" total="6" passed="6" failed="0" skipped="0">
  <reporter-output>
  </reporter-output>
  <suite started-at="2021-01-13T20:21:34 EST" name="Multi Cart Sanity Suit" finished-at="2021-01-13T20:22:06 EST" duration-ms="32150">
    <groups>
    </groups>
    <test started-at="2021-01-13T20:21:34 EST" name="Multi Cart Portal test cases" finished-at="2021-01-13T20:22:06 EST" duration-ms="32150">
      <class name="com.mco.tests.HomePageTest">
        <test-method is-config="true" signature="setUp()[pri:0, instance:com.mco.tests.HomePageTest@2beee7ff]" started-at="2021-01-13T20:21:34 EST" name="setUp" finished-at="2021-01-13T20:21:40 EST" duration-ms="6815" status="PASS">
          <reporter-output>
          </reporter-output>
        </test-method> <!-- setUp -->
        <test-method signature="loginPageTitleTest()[pri:1, instance:com.mco.tests.HomePageTest@2beee7ff]" started-at="2021-01-13T20:21:40 EST" name="loginPageTitleTest" finished-at="2021-01-13T20:21:40 EST" duration-ms="41" status="PASS">
          <reporter-output>
          </reporter-output>
        </test-method> <!-- loginPageTitleTest -->
        <test-method is-config="true" signature="tearDown()[pri:0, instance:com.mco.tests.HomePageTest@2beee7ff]" started-at="2021-01-13T20:21:40 EST" name="tearDown" finished-at="2021-01-13T20:21:40 EST" duration-ms="83" status="PASS">
          <reporter-output>
          </reporter-output>
        </test-method> <!-- tearDown -->
        <test-method is-config="true" signature="setUp()[pri:0, instance:com.mco.tests.HomePageTest@2beee7ff]" started-at="2021-01-13T20:21:41 EST" name="setUp" finished-at="2021-01-13T20:21:45 EST" duration-ms="4933" status="PASS">
          <reporter-output>
          </reporter-output>
        </test-method> <!-- setUp -->
        <test-method signature="loginSourceButtonNameTest()[pri:2, instance:com.mco.tests.HomePageTest@2beee7ff]" started-at="2021-01-13T20:21:45 EST" name="loginSourceButtonNameTest" finished-at="2021-01-13T20:21:46 EST" duration-ms="204" status="PASS">
          <reporter-output>
          </reporter-output>
        </test-method> <!-- loginSourceButtonNameTest -->
        <test-method is-config="true" signature="tearDown()[pri:0, instance:com.mco.tests.HomePageTest@2beee7ff]" started-at="2021-01-13T20:21:46 EST" name="tearDown" finished-at="2021-01-13T20:21:46 EST" duration-ms="80" status="PASS">
          <reporter-output>
          </reporter-output>
        </test-method> <!-- tearDown -->
        <test-method is-config="true" signature="setUp()[pri:0, instance:com.mco.tests.HomePageTest@2beee7ff]" started-at="2021-01-13T20:21:46 EST" name="setUp" finished-at="2021-01-13T20:21:50 EST" duration-ms="3850" status="PASS">
          <reporter-output>
          </reporter-output>
        </test-method> <!-- setUp -->
        <test-method signature="abotUsLinkTest()[pri:3, instance:com.mco.tests.HomePageTest@2beee7ff]" started-at="2021-01-13T20:21:50 EST" name="abotUsLinkTest" finished-at="2021-01-13T20:21:50 EST" duration-ms="509" status="PASS">
          <reporter-output>
          </reporter-output>
        </test-method> <!-- abotUsLinkTest -->
        <test-method is-config="true" signature="tearDown()[pri:0, instance:com.mco.tests.HomePageTest@2beee7ff]" started-at="2021-01-13T20:21:50 EST" name="tearDown" finished-at="2021-01-13T20:21:50 EST" duration-ms="80" status="PASS">
          <reporter-output>
          </reporter-output>
        </test-method> <!-- tearDown -->
        <test-method is-config="true" signature="setUp()[pri:0, instance:com.mco.tests.HomePageTest@2beee7ff]" started-at="2021-01-13T20:21:50 EST" name="setUp" finished-at="2021-01-13T20:21:55 EST" duration-ms="4773" status="PASS">
          <reporter-output>
          </reporter-output>
        </test-method> <!-- setUp -->
        <test-method signature="contactUsLinkTest()[pri:4, instance:com.mco.tests.HomePageTest@2beee7ff]" started-at="2021-01-13T20:21:55 EST" name="contactUsLinkTest" finished-at="2021-01-13T20:21:55 EST" duration-ms="509" status="PASS">
          <reporter-output>
          </reporter-output>
        </test-method> <!-- contactUsLinkTest -->
        <test-method is-config="true" signature="tearDown()[pri:0, instance:com.mco.tests.HomePageTest@2beee7ff]" started-at="2021-01-13T20:21:55 EST" name="tearDown" finished-at="2021-01-13T20:21:56 EST" duration-ms="82" status="PASS">
          <reporter-output>
          </reporter-output>
        </test-method> <!-- tearDown -->
        <test-method is-config="true" signature="setUp()[pri:0, instance:com.mco.tests.HomePageTest@2beee7ff]" started-at="2021-01-13T20:21:56 EST" name="setUp" finished-at="2021-01-13T20:22:01 EST" duration-ms="5086" status="PASS">
          <reporter-output>
          </reporter-output>
        </test-method> <!-- setUp -->
        <test-method signature="viewCartLinkTest()[pri:6, instance:com.mco.tests.HomePageTest@2beee7ff]" started-at="2021-01-13T20:22:01 EST" name="viewCartLinkTest" finished-at="2021-01-13T20:22:01 EST" duration-ms="541" status="PASS">
          <reporter-output>
          </reporter-output>
        </test-method> <!-- viewCartLinkTest -->
        <test-method is-config="true" signature="tearDown()[pri:0, instance:com.mco.tests.HomePageTest@2beee7ff]" started-at="2021-01-13T20:22:01 EST" name="tearDown" finished-at="2021-01-13T20:22:01 EST" duration-ms="81" status="PASS">
          <reporter-output>
          </reporter-output>
        </test-method> <!-- tearDown -->
        <test-method is-config="true" signature="setUp()[pri:0, instance:com.mco.tests.HomePageTest@2beee7ff]" started-at="2021-01-13T20:22:01 EST" name="setUp" finished-at="2021-01-13T20:22:05 EST" duration-ms="3764" status="PASS">
          <reporter-output>
          </reporter-output>
        </test-method> <!-- setUp -->
        <test-method signature="CurrencyListsTest()[pri:7, instance:com.mco.tests.HomePageTest@2beee7ff]" started-at="2021-01-13T20:22:05 EST" name="CurrencyListsTest" finished-at="2021-01-13T20:22:06 EST" duration-ms="586" status="PASS">
          <reporter-output>
          </reporter-output>
        </test-method> <!-- CurrencyListsTest -->
        <test-method is-config="true" signature="tearDown()[pri:0, instance:com.mco.tests.HomePageTest@2beee7ff]" started-at="2021-01-13T20:22:06 EST" name="tearDown" finished-at="2021-01-13T20:22:06 EST" duration-ms="76" status="PASS">
          <reporter-output>
          </reporter-output>
        </test-method> <!-- tearDown -->
      </class> <!-- com.mco.tests.HomePageTest -->
    </test> <!-- Multi Cart Portal test cases -->
  </suite> <!-- Multi Cart Sanity Suit -->
</testng-results>
