<?xml version="1.0" encoding="UTF-8"?>
<testng-results ignored="5" total="6" passed="1" failed="0" skipped="0">
  <reporter-output>
  </reporter-output>
  <suite started-at="2021-01-13T20:29:16 EST" name="Default suite" finished-at="2021-01-13T20:29:22 EST" duration-ms="6084">
    <groups>
    </groups>
    <test started-at="2021-01-13T20:29:16 EST" name="Default test" finished-at="2021-01-13T20:29:22 EST" duration-ms="6084">
      <class name="com.mco.tests.HomePageTest">
        <test-method is-config="true" signature="setUp()[pri:0, instance:com.mco.tests.HomePageTest@40cb8df7]" started-at="2021-01-13T20:29:16 EST" name="setUp" finished-at="2021-01-13T20:29:22 EST" duration-ms="5897" status="PASS">
          <reporter-output>
          </reporter-output>
        </test-method> <!-- setUp -->
        <test-method signature="loginPageTitleTest()[pri:1, instance:com.mco.tests.HomePageTest@40cb8df7]" started-at="2021-01-13T20:29:22 EST" name="loginPageTitleTest" finished-at="2021-01-13T20:29:22 EST" duration-ms="79" status="PASS">
          <reporter-output>
          </reporter-output>
        </test-method> <!-- loginPageTitleTest -->
        <test-method is-config="true" signature="tearDown()[pri:0, instance:com.mco.tests.HomePageTest@40cb8df7]" started-at="2021-01-13T20:29:22 EST" name="tearDown" finished-at="2021-01-13T20:29:22 EST" duration-ms="79" status="PASS">
          <reporter-output>
          </reporter-output>
        </test-method> <!-- tearDown -->
      </class> <!-- com.mco.tests.HomePageTest -->
    </test> <!-- Default test -->
  </suite> <!-- Default suite -->
</testng-results>
