<?xml version="1.0" encoding="UTF-8"?>
<!-- Generated by org.testng.reporters.JUnitXMLReporter -->
<testsuite hostname="Khosuzs-MBP.lan" ignored="0" name="testng" tests="4" failures="0" timestamp="2021-01-01T19:15:53 EST" time="21.79" errors="0">
  <testcase name="loginLogoImageTest" time="0.237" classname="com.mco.tests.LoginPageTest"/>
  <testcase name="loginPageTitleTest" time="0.105" classname="com.mco.tests.LoginPageTest"/>
  <testcase name="loginTest" time="0.912" classname="com.mco.tests.LoginPageTest"/>
  <testcase name="curentUserNameTest" time="2.32" classname="com.mco.tests.LoginPageTest"/>
</testsuite> <!-- testng -->
